[2016-02-25 16:40:35] production.ERROR: exception 'Symfony\Component\Debug\Exception\FatalErrorException' with message 'syntax error, unexpected 'title' (T_STRING), expecting function (T_FUNCTION)' in /home/salinabyabc/public_html/storage/cms/cache/75/73/home.htm.php:4
Stack trace:
#0 {main}  
[2016-02-25 16:41:12] production.ERROR: exception 'Symfony\Component\Debug\Exception\FatalErrorException' with message 'syntax error, unexpected 'title' (T_STRING), expecting function (T_FUNCTION)' in /home/salinabyabc/public_html/storage/cms/cache/75/73/home.htm.php:4
Stack trace:
#0 {main}  
[2016-03-25 13:24:39] production.ERROR: exception 'Twig_Error_Syntax' with message 'Unexpected "endif" tag (expecting closing tag for the "for" tag defined near line 21) in "/home/salinabyabc/public_html/themes/jtherczeg-corlate/partials/nav_home.htm" at line 30.' in /home/salinabyabc/public_html/vendor/twig/twig/lib/Twig/Parser.php:172
Stack trace:
#0 /home/salinabyabc/public_html/vendor/twig/twig/lib/Twig/TokenParser/For.php(40): Twig_Parser->subparse(Array)
#1 /home/salinabyabc/public_html/vendor/twig/twig/lib/Twig/Parser.php(187): Twig_TokenParser_For->parse(Object(Twig_Token))
#2 /home/salinabyabc/public_html/vendor/twig/twig/lib/Twig/TokenParser/Macro.php(33): Twig_Parser->subparse(Array, true)
#3 /home/salinabyabc/public_html/vendor/twig/twig/lib/Twig/Parser.php(187): Twig_TokenParser_Macro->parse(Object(Twig_Token))
#4 /home/salinabyabc/public_html/vendor/twig/twig/lib/Twig/Parser.php(100): Twig_Parser->subparse(NULL, false)
#5 /home/salinabyabc/public_html/vendor/twig/twig/lib/Twig/Environment.php(615): Twig_Parser->parse(Object(Twig_TokenStream))
#6 /home/salinabyabc/public_html/vendor/twig/twig/lib/Twig/Environment.php(667): Twig_Environment->parse(Object(Twig_TokenStream))
#7 /home/salinabyabc/public_html/vendor/twig/twig/lib/Twig/Environment.php(396): Twig_Environment->compileSource('{# Note: Only o...', '/home/salinabya...')
#8 /home/salinabyabc/public_html/modules/cms/classes/Controller.php(898): Twig_Environment->loadTemplate('/home/salinabya...')
#9 /home/salinabyabc/public_html/modules/cms/twig/Extension.php(117): Cms\Classes\Controller->renderPartial('nav_home', Array)
#10 /home/salinabyabc/public_html/storage/cms/twig/c6/c60b901aa1dd8e5e2ee1342b15bc155417e5ffb75698d76ad66541917450d9b5.php(26): Cms\Twig\Extension->partialFunction('nav_home', Array)
#11 /home/salinabyabc/public_html/vendor/twig/twig/lib/Twig/Template.php(381): __TwigTemplate_bfd091838126feac0383f71d6ada005feba6e258d5ff0dbc0fe74d53ac4acadd->doDisplay(Array, Array)
#12 /home/salinabyabc/public_html/vendor/twig/twig/lib/Twig/Template.php(355): Twig_Template->displayWithErrorHandling(Array, Array)
#13 /home/salinabyabc/public_html/vendor/twig/twig/lib/Twig/Template.php(366): Twig_Template->display(Array)
#14 /home/salinabyabc/public_html/modules/cms/classes/Controller.php(899): Twig_Template->render(Array)
#15 /home/salinabyabc/public_html/modules/cms/twig/Extension.php(117): Cms\Classes\Controller->renderPartial('top', Array)
#16 /home/salinabyabc/public_html/storage/cms/twig/7e/7e7bf39ed4e331a3f0f533e5f90da1fb993805f07327efe29ac1c243d4e6c638.php(82): Cms\Twig\Extension->partialFunction('top', Array)
#17 /home/salinabyabc/public_html/vendor/twig/twig/lib/Twig/Template.php(381): __TwigTemplate_b858572dbbb68024f417e6c11544b3228cb03c853ac0ddc518aaa74d3adb8b39->doDisplay(Array, Array)
#18 /home/salinabyabc/public_html/vendor/twig/twig/lib/Twig/Template.php(355): Twig_Template->displayWithErrorHandling(Array, Array)
#19 /home/salinabyabc/public_html/vendor/twig/twig/lib/Twig/Template.php(366): Twig_Template->display(Array)
#20 /home/salinabyabc/public_html/modules/cms/classes/Controller.php(381): Twig_Template->render(Array)
#21 /home/salinabyabc/public_html/modules/cms/classes/Controller.php(209): Cms\Classes\Controller->runPage(Object(Cms\Classes\Page))
#22 /home/salinabyabc/public_html/modules/cms/classes/CmsController.php(47): Cms\Classes\Controller->run('preturi')
#23 [internal function]: Cms\Classes\CmsController->run('preturi')
#24 /home/salinabyabc/public_html/vendor/laravel/framework/src/Illuminate/Routing/Controller.php(246): call_user_func_array(Array, Array)
#25 /home/salinabyabc/public_html/vendor/laravel/framework/src/Illuminate/Routing/ControllerDispatcher.php(162): Illuminate\Routing\Controller->callAction('run', Array)
#26 /home/salinabyabc/public_html/vendor/laravel/framework/src/Illuminate/Routing/ControllerDispatcher.php(107): Illuminate\Routing\ControllerDispatcher->call(Object(Cms\Classes\CmsController), Object(Illuminate\Routing\Route), 'run')
#27 [internal function]: Illuminate\Routing\ControllerDispatcher->Illuminate\Routing\{closure}(Object(Illuminate\Http\Request))
#28 /home/salinabyabc/public_html/vendor/laravel/framework/src/Illuminate/Pipeline/Pipeline.php(141): call_user_func(Object(Closure), Object(Illuminate\Http\Request))
#29 [internal function]: Illuminate\Pipeline\Pipeline->Illuminate\Pipeline\{closure}(Object(Illuminate\Http\Request))
#30 /home/salinabyabc/public_html/vendor/laravel/framework/src/Illuminate/Pipeline/Pipeline.php(101): call_user_func(Object(Closure), Object(Illuminate\Http\Request))
#31 /home/salinabyabc/public_html/vendor/laravel/framework/src/Illuminate/Routing/ControllerDispatcher.php(108): Illuminate\Pipeline\Pipeline->then(Object(Closure))
#32 /home/salinabyabc/public_html/vendor/laravel/framework/src/Illuminate/Routing/ControllerDispatcher.php(67): Illuminate\Routing\ControllerDispatcher->callWithinStack(Object(Cms\Classes\CmsController), Object(Illuminate\Routing\Route), Object(Illuminate\Http\Request), 'run')
#33 /home/salinabyabc/public_html/vendor/laravel/framework/src/Illuminate/Routing/Route.php(204): Illuminate\Routing\ControllerDispatcher->dispatch(Object(Illuminate\Routing\Route), Object(Illuminate\Http\Request), 'Cms\\Classes\\Cms...', 'run')
#34 /home/salinabyabc/public_html/vendor/laravel/framework/src/Illuminate/Routing/Route.php(134): Illuminate\Routing\Route->runWithCustomDispatcher(Object(Illuminate\Http\Request))
#35 /home/salinabyabc/public_html/vendor/laravel/framework/src/Illuminate/Routing/Router.php(701): Illuminate\Routing\Route->run(Object(Illuminate\Http\Request))
#36 [internal function]: Illuminate\Routing\Router->Illuminate\Routing\{closure}(Object(Illuminate\Http\Request))
#37 /home/salinabyabc/public_html/vendor/laravel/framework/src/Illuminate/Pipeline/Pipeline.php(141): call_user_func(Object(Closure), Object(Illuminate\Http\Request))
#38 [internal function]: Illuminate\Pipeline\Pipeline->Illuminate\Pipeline\{closure}(Object(Illuminate\Http\Request))
#39 /home/salinabyabc/public_html/vendor/laravel/framework/src/Illuminate/Pipeline/Pipeline.php(101): call_user_func(Object(Closure), Object(Illuminate\Http\Request))
#40 /home/salinabyabc/public_html/vendor/laravel/framework/src/Illuminate/Routing/Router.php(703): Illuminate\Pipeline\Pipeline->then(Object(Closure))
#41 /home/salinabyabc/public_html/vendor/laravel/framework/src/Illuminate/Routing/Router.php(670): Illuminate\Routing\Router->runRouteWithinStack(Object(Illuminate\Routing\Route), Object(Illuminate\Http\Request))
#42 /home/salinabyabc/public_html/vendor/laravel/framework/src/Illuminate/Routing/Router.php(628): Illuminate\Routing\Router->dispatchToRoute(Object(Illuminate\Http\Request))
#43 /home/salinabyabc/public_html/vendor/laravel/framework/src/Illuminate/Foundation/Http/Kernel.php(214): Illuminate\Routing\Router->dispatch(Object(Illuminate\Http\Request))
#44 [internal function]: Illuminate\Foundation\Http\Kernel->Illuminate\Foundation\Http\{closure}(Object(Illuminate\Http\Request))
#45 /home/salinabyabc/public_html/vendor/laravel/framework/src/Illuminate/Pipeline/Pipeline.php(141): call_user_func(Object(Closure), Object(Illuminate\Http\Request))
#46 /home/salinabyabc/public_html/vendor/laravel/framework/src/Illuminate/View/Middleware/ShareErrorsFromSession.php(55): Illuminate\Pipeline\Pipeline->Illuminate\Pipeline\{closure}(Object(Illuminate\Http\Request))
#47 /home/salinabyabc/public_html/vendor/laravel/framework/src/Illuminate/Pipeline/Pipeline.php(125): Illuminate\View\Middleware\ShareErrorsFromSession->handle(Object(Illuminate\Http\Request), Object(Closure))
#48 /home/salinabyabc/public_html/vendor/laravel/framework/src/Illuminate/Session/Middleware/StartSession.php(61): Illuminate\Pipeline\Pipeline->Illuminate\Pipeline\{closure}(Object(Illuminate\Http\Request))
#49 /home/salinabyabc/public_html/vendor/laravel/framework/src/Illuminate/Pipeline/Pipeline.php(125): Illuminate\Session\Middleware\StartSession->handle(Object(Illuminate\Http\Request), Object(Closure))
#50 /home/salinabyabc/public_html/vendor/laravel/framework/src/Illuminate/Cookie/Middleware/AddQueuedCookiesToResponse.php(36): Illuminate\Pipeline\Pipeline->Illuminate\Pipeline\{closure}(Object(Illuminate\Http\Request))
#51 /home/salinabyabc/public_html/vendor/laravel/framework/src/Illuminate/Pipeline/Pipeline.php(125): Illuminate\Cookie\Middleware\AddQueuedCookiesToResponse->handle(Object(Illuminate\Http\Request), Object(Closure))
#52 /home/salinabyabc/public_html/vendor/laravel/framework/src/Illuminate/Cookie/Middleware/EncryptCookies.php(40): Illuminate\Pipeline\Pipeline->Illuminate\Pipeline\{closure}(Object(Illuminate\Http\Request))
#53 /home/salinabyabc/public_html/vendor/laravel/framework/src/Illuminate/Pipeline/Pipeline.php(125): Illuminate\Cookie\Middleware\EncryptCookies->handle(Object(Illuminate\Http\Request), Object(Closure))
#54 /home/salinabyabc/public_html/vendor/laravel/framework/src/Illuminate/Foundation/Http/Middleware/CheckForMaintenanceMode.php(42): Illuminate\Pipeline\Pipeline->Illuminate\Pipeline\{closure}(Object(Illuminate\Http\Request))
#55 /home/salinabyabc/public_html/vendor/laravel/framework/src/Illuminate/Pipeline/Pipeline.php(125): Illuminate\Foundation\Http\Middleware\CheckForMaintenanceMode->handle(Object(Illuminate\Http\Request), Object(Closure))
#56 [internal function]: Illuminate\Pipeline\Pipeline->Illuminate\Pipeline\{closure}(Object(Illuminate\Http\Request))
#57 /home/salinabyabc/public_html/vendor/laravel/framework/src/Illuminate/Pipeline/Pipeline.php(101): call_user_func(Object(Closure), Object(Illuminate\Http\Request))
#58 /home/salinabyabc/public_html/vendor/laravel/framework/src/Illuminate/Foundation/Http/Kernel.php(115): Illuminate\Pipeline\Pipeline->then(Object(Closure))
#59 /home/salinabyabc/public_html/vendor/laravel/framework/src/Illuminate/Foundation/Http/Kernel.php(84): Illuminate\Foundation\Http\Kernel->sendRequestThroughRouter(Object(Illuminate\Http\Request))
#60 /home/salinabyabc/public_html/index.php(44): Illuminate\Foundation\Http\Kernel->handle(Object(Illuminate\Http\Request))
#61 {main}  
[2016-03-25 13:24:47] production.ERROR: exception 'Twig_Error_Syntax' with message 'Unexpected "endif" tag (expecting closing tag for the "for" tag defined near line 21) in "/home/salinabyabc/public_html/themes/jtherczeg-corlate/partials/nav_home.htm" at line 30.' in /home/salinabyabc/public_html/vendor/twig/twig/lib/Twig/Parser.php:172
Stack trace:
#0 /home/salinabyabc/public_html/vendor/twig/twig/lib/Twig/TokenParser/For.php(40): Twig_Parser->subparse(Array)
#1 /home/salinabyabc/public_html/vendor/twig/twig/lib/Twig/Parser.php(187): Twig_TokenParser_For->parse(Object(Twig_Token))
#2 /home/salinabyabc/public_html/vendor/twig/twig/lib/Twig/TokenParser/Macro.php(33): Twig_Parser->subparse(Array, true)
#3 /home/salinabyabc/public_html/vendor/twig/twig/lib/Twig/Parser.php(187): Twig_TokenParser_Macro->parse(Object(Twig_Token))
#4 /home/salinabyabc/public_html/vendor/twig/twig/lib/Twig/Parser.php(100): Twig_Parser->subparse(NULL, false)
#5 /home/salinabyabc/public_html/vendor/twig/twig/lib/Twig/Environment.php(615): Twig_Parser->parse(Object(Twig_TokenStream))
#6 /home/salinabyabc/public_html/vendor/twig/twig/lib/Twig/Environment.php(667): Twig_Environment->parse(Object(Twig_TokenStream))
#7 /home/salinabyabc/public_html/vendor/twig/twig/lib/Twig/Environment.php(396): Twig_Environment->compileSource('{# Note: Only o...', '/home/salinabya...')
#8 /home/salinabyabc/public_html/modules/cms/classes/Controller.php(898): Twig_Environment->loadTemplate('/home/salinabya...')
#9 /home/salinabyabc/public_html/modules/cms/twig/Extension.php(117): Cms\Classes\Controller->renderPartial('nav_home', Array)
#10 /home/salinabyabc/public_html/storage/cms/twig/c6/c60b901aa1dd8e5e2ee1342b15bc155417e5ffb75698d76ad66541917450d9b5.php(26): Cms\Twig\Extension->partialFunction('nav_home', Array)
#11 /home/salinabyabc/public_html/vendor/twig/twig/lib/Twig/Template.php(381): __TwigTemplate_bfd091838126feac0383f71d6ada005feba6e258d5ff0dbc0fe74d53ac4acadd->doDisplay(Array, Array)
#12 /home/salinabyabc/public_html/vendor/twig/twig/lib/Twig/Template.php(355): Twig_Template->displayWithErrorHandling(Array, Array)
#13 /home/salinabyabc/public_html/vendor/twig/twig/lib/Twig/Template.php(366): Twig_Template->display(Array)
#14 /home/salinabyabc/public_html/modules/cms/classes/Controller.php(899): Twig_Template->render(Array)
#15 /home/salinabyabc/public_html/modules/cms/twig/Extension.php(117): Cms\Classes\Controller->renderPartial('top', Array)
#16 /home/salinabyabc/public_html/storage/cms/twig/7e/7e7bf39ed4e331a3f0f533e5f90da1fb993805f07327efe29ac1c243d4e6c638.php(82): Cms\Twig\Extension->partialFunction('top', Array)
#17 /home/salinabyabc/public_html/vendor/twig/twig/lib/Twig/Template.php(381): __TwigTemplate_b858572dbbb68024f417e6c11544b3228cb03c853ac0ddc518aaa74d3adb8b39->doDisplay(Array, Array)
#18 /home/salinabyabc/public_html/vendor/twig/twig/lib/Twig/Template.php(355): Twig_Template->displayWithErrorHandling(Array, Array)
#19 /home/salinabyabc/public_html/vendor/twig/twig/lib/Twig/Template.php(366): Twig_Template->display(Array)
#20 /home/salinabyabc/public_html/modules/cms/classes/Controller.php(381): Twig_Template->render(Array)
#21 /home/salinabyabc/public_html/modules/cms/classes/Controller.php(209): Cms\Classes\Controller->runPage(Object(Cms\Classes\Page))
#22 /home/salinabyabc/public_html/modules/cms/classes/CmsController.php(47): Cms\Classes\Controller->run('/')
#23 [internal function]: Cms\Classes\CmsController->run('/')
#24 /home/salinabyabc/public_html/vendor/laravel/framework/src/Illuminate/Routing/Controller.php(246): call_user_func_array(Array, Array)
#25 /home/salinabyabc/public_html/vendor/laravel/framework/src/Illuminate/Routing/ControllerDispatcher.php(162): Illuminate\Routing\Controller->callAction('run', Array)
#26 /home/salinabyabc/public_html/vendor/laravel/framework/src/Illuminate/Routing/ControllerDispatcher.php(107): Illuminate\Routing\ControllerDispatcher->call(Object(Cms\Classes\CmsController), Object(Illuminate\Routing\Route), 'run')
#27 [internal function]: Illuminate\Routing\ControllerDispatcher->Illuminate\Routing\{closure}(Object(Illuminate\Http\Request))
#28 /home/salinabyabc/public_html/vendor/laravel/framework/src/Illuminate/Pipeline/Pipeline.php(141): call_user_func(Object(Closure), Object(Illuminate\Http\Request))
#29 [internal function]: Illuminate\Pipeline\Pipeline->Illuminate\Pipeline\{closure}(Object(Illuminate\Http\Request))
#30 /home/salinabyabc/public_html/vendor/laravel/framework/src/Illuminate/Pipeline/Pipeline.php(101): call_user_func(Object(Closure), Object(Illuminate\Http\Request))
#31 /home/salinabyabc/public_html/vendor/laravel/framework/src/Illuminate/Routing/ControllerDispatcher.php(108): Illuminate\Pipeline\Pipeline->then(Object(Closure))
#32 /home/salinabyabc/public_html/vendor/laravel/framework/src/Illuminate/Routing/ControllerDispatcher.php(67): Illuminate\Routing\ControllerDispatcher->callWithinStack(Object(Cms\Classes\CmsController), Object(Illuminate\Routing\Route), Object(Illuminate\Http\Request), 'run')
#33 /home/salinabyabc/public_html/vendor/laravel/framework/src/Illuminate/Routing/Route.php(204): Illuminate\Routing\ControllerDispatcher->dispatch(Object(Illuminate\Routing\Route), Object(Illuminate\Http\Request), 'Cms\\Classes\\Cms...', 'run')
#34 /home/salinabyabc/public_html/vendor/laravel/framework/src/Illuminate/Routing/Route.php(134): Illuminate\Routing\Route->runWithCustomDispatcher(Object(Illuminate\Http\Request))
#35 /home/salinabyabc/public_html/vendor/laravel/framework/src/Illuminate/Routing/Router.php(701): Illuminate\Routing\Route->run(Object(Illuminate\Http\Request))
#36 [internal function]: Illuminate\Routing\Router->Illuminate\Routing\{closure}(Object(Illuminate\Http\Request))
#37 /home/salinabyabc/public_html/vendor/laravel/framework/src/Illuminate/Pipeline/Pipeline.php(141): call_user_func(Object(Closure), Object(Illuminate\Http\Request))
#38 [internal function]: Illuminate\Pipeline\Pipeline->Illuminate\Pipeline\{closure}(Object(Illuminate\Http\Request))
#39 /home/salinabyabc/public_html/vendor/laravel/framework/src/Illuminate/Pipeline/Pipeline.php(101): call_user_func(Object(Closure), Object(Illuminate\Http\Request))
#40 /home/salinabyabc/public_html/vendor/laravel/framework/src/Illuminate/Routing/Router.php(703): Illuminate\Pipeline\Pipeline->then(Object(Closure))
#41 /home/salinabyabc/public_html/vendor/laravel/framework/src/Illuminate/Routing/Router.php(670): Illuminate\Routing\Router->runRouteWithinStack(Object(Illuminate\Routing\Route), Object(Illuminate\Http\Request))
#42 /home/salinabyabc/public_html/vendor/laravel/framework/src/Illuminate/Routing/Router.php(628): Illuminate\Routing\Router->dispatchToRoute(Object(Illuminate\Http\Request))
#43 /home/salinabyabc/public_html/vendor/laravel/framework/src/Illuminate/Foundation/Http/Kernel.php(214): Illuminate\Routing\Router->dispatch(Object(Illuminate\Http\Request))
#44 [internal function]: Illuminate\Foundation\Http\Kernel->Illuminate\Foundation\Http\{closure}(Object(Illuminate\Http\Request))
#45 /home/salinabyabc/public_html/vendor/laravel/framework/src/Illuminate/Pipeline/Pipeline.php(141): call_user_func(Object(Closure), Object(Illuminate\Http\Request))
#46 /home/salinabyabc/public_html/vendor/laravel/framework/src/Illuminate/View/Middleware/ShareErrorsFromSession.php(55): Illuminate\Pipeline\Pipeline->Illuminate\Pipeline\{closure}(Object(Illuminate\Http\Request))
#47 /home/salinabyabc/public_html/vendor/laravel/framework/src/Illuminate/Pipeline/Pipeline.php(125): Illuminate\View\Middleware\ShareErrorsFromSession->handle(Object(Illuminate\Http\Request), Object(Closure))
#48 /home/salinabyabc/public_html/vendor/laravel/framework/src/Illuminate/Session/Middleware/StartSession.php(61): Illuminate\Pipeline\Pipeline->Illuminate\Pipeline\{closure}(Object(Illuminate\Http\Request))
#49 /home/salinabyabc/public_html/vendor/laravel/framework/src/Illuminate/Pipeline/Pipeline.php(125): Illuminate\Session\Middleware\StartSession->handle(Object(Illuminate\Http\Request), Object(Closure))
#50 /home/salinabyabc/public_html/vendor/laravel/framework/src/Illuminate/Cookie/Middleware/AddQueuedCookiesToResponse.php(36): Illuminate\Pipeline\Pipeline->Illuminate\Pipeline\{closure}(Object(Illuminate\Http\Request))
#51 /home/salinabyabc/public_html/vendor/laravel/framework/src/Illuminate/Pipeline/Pipeline.php(125): Illuminate\Cookie\Middleware\AddQueuedCookiesToResponse->handle(Object(Illuminate\Http\Request), Object(Closure))
#52 /home/salinabyabc/public_html/vendor/laravel/framework/src/Illuminate/Cookie/Middleware/EncryptCookies.php(40): Illuminate\Pipeline\Pipeline->Illuminate\Pipeline\{closure}(Object(Illuminate\Http\Request))
#53 /home/salinabyabc/public_html/vendor/laravel/framework/src/Illuminate/Pipeline/Pipeline.php(125): Illuminate\Cookie\Middleware\EncryptCookies->handle(Object(Illuminate\Http\Request), Object(Closure))
#54 /home/salinabyabc/public_html/vendor/laravel/framework/src/Illuminate/Foundation/Http/Middleware/CheckForMaintenanceMode.php(42): Illuminate\Pipeline\Pipeline->Illuminate\Pipeline\{closure}(Object(Illuminate\Http\Request))
#55 /home/salinabyabc/public_html/vendor/laravel/framework/src/Illuminate/Pipeline/Pipeline.php(125): Illuminate\Foundation\Http\Middleware\CheckForMaintenanceMode->handle(Object(Illuminate\Http\Request), Object(Closure))
#56 [internal function]: Illuminate\Pipeline\Pipeline->Illuminate\Pipeline\{closure}(Object(Illuminate\Http\Request))
#57 /home/salinabyabc/public_html/vendor/laravel/framework/src/Illuminate/Pipeline/Pipeline.php(101): call_user_func(Object(Closure), Object(Illuminate\Http\Request))
#58 /home/salinabyabc/public_html/vendor/laravel/framework/src/Illuminate/Foundation/Http/Kernel.php(115): Illuminate\Pipeline\Pipeline->then(Object(Closure))
#59 /home/salinabyabc/public_html/vendor/laravel/framework/src/Illuminate/Foundation/Http/Kernel.php(84): Illuminate\Foundation\Http\Kernel->sendRequestThroughRouter(Object(Illuminate\Http\Request))
#60 /home/salinabyabc/public_html/index.php(44): Illuminate\Foundation\Http\Kernel->handle(Object(Illuminate\Http\Request))
#61 {main}  
[2016-03-25 13:24:48] production.ERROR: exception 'Twig_Error_Syntax' with message 'Unexpected "endif" tag (expecting closing tag for the "for" tag defined near line 21) in "/home/salinabyabc/public_html/themes/jtherczeg-corlate/partials/nav_home.htm" at line 30.' in /home/salinabyabc/public_html/vendor/twig/twig/lib/Twig/Parser.php:172
Stack trace:
#0 /home/salinabyabc/public_html/vendor/twig/twig/lib/Twig/TokenParser/For.php(40): Twig_Parser->subparse(Array)
#1 /home/salinabyabc/public_html/vendor/twig/twig/lib/Twig/Parser.php(187): Twig_TokenParser_For->parse(Object(Twig_Token))
#2 /home/salinabyabc/public_html/vendor/twig/twig/lib/Twig/TokenParser/Macro.php(33): Twig_Parser->subparse(Array, true)
#3 /home/salinabyabc/public_html/vendor/twig/twig/lib/Twig/Parser.php(187): Twig_TokenParser_Macro->parse(Object(Twig_Token))
#4 /home/salinabyabc/public_html/vendor/twig/twig/lib/Twig/Parser.php(100): Twig_Parser->subparse(NULL, false)
#5 /home/salinabyabc/public_html/vendor/twig/twig/lib/Twig/Environment.php(615): Twig_Parser->parse(Object(Twig_TokenStream))
#6 /home/salinabyabc/public_html/vendor/twig/twig/lib/Twig/Environment.php(667): Twig_Environment->parse(Object(Twig_TokenStream))
#7 /home/salinabyabc/public_html/vendor/twig/twig/lib/Twig/Environment.php(396): Twig_Environment->compileSource('{# Note: Only o...', '/home/salinabya...')
#8 /home/salinabyabc/public_html/modules/cms/classes/Controller.php(898): Twig_Environment->loadTemplate('/home/salinabya...')
#9 /home/salinabyabc/public_html/modules/cms/twig/Extension.php(117): Cms\Classes\Controller->renderPartial('nav_home', Array)
#10 /home/salinabyabc/public_html/storage/cms/twig/c6/c60b901aa1dd8e5e2ee1342b15bc155417e5ffb75698d76ad66541917450d9b5.php(26): Cms\Twig\Extension->partialFunction('nav_home', Array)
#11 /home/salinabyabc/public_html/vendor/twig/twig/lib/Twig/Template.php(381): __TwigTemplate_bfd091838126feac0383f71d6ada005feba6e258d5ff0dbc0fe74d53ac4acadd->doDisplay(Array, Array)
#12 /home/salinabyabc/public_html/vendor/twig/twig/lib/Twig/Template.php(355): Twig_Template->displayWithErrorHandling(Array, Array)
#13 /home/salinabyabc/public_html/vendor/twig/twig/lib/Twig/Template.php(366): Twig_Template->display(Array)
#14 /home/salinabyabc/public_html/modules/cms/classes/Controller.php(899): Twig_Template->render(Array)
#15 /home/salinabyabc/public_html/modules/cms/twig/Extension.php(117): Cms\Classes\Controller->renderPartial('top', Array)
#16 /home/salinabyabc/public_html/storage/cms/twig/7e/7e7bf39ed4e331a3f0f533e5f90da1fb993805f07327efe29ac1c243d4e6c638.php(82): Cms\Twig\Extension->partialFunction('top', Array)
#17 /home/salinabyabc/public_html/vendor/twig/twig/lib/Twig/Template.php(381): __TwigTemplate_b858572dbbb68024f417e6c11544b3228cb03c853ac0ddc518aaa74d3adb8b39->doDisplay(Array, Array)
#18 /home/salinabyabc/public_html/vendor/twig/twig/lib/Twig/Template.php(355): Twig_Template->displayWithErrorHandling(Array, Array)
#19 /home/salinabyabc/public_html/vendor/twig/twig/lib/Twig/Template.php(366): Twig_Template->display(Array)
#20 /home/salinabyabc/public_html/modules/cms/classes/Controller.php(381): Twig_Template->render(Array)
#21 /home/salinabyabc/public_html/modules/cms/classes/Controller.php(209): Cms\Classes\Controller->runPage(Object(Cms\Classes\Page))
#22 /home/salinabyabc/public_html/modules/cms/classes/CmsController.php(47): Cms\Classes\Controller->run('favicon.ico')
#23 [internal function]: Cms\Classes\CmsController->run('favicon.ico')
#24 /home/salinabyabc/public_html/vendor/laravel/framework/src/Illuminate/Routing/Controller.php(246): call_user_func_array(Array, Array)
#25 /home/salinabyabc/public_html/vendor/laravel/framework/src/Illuminate/Routing/ControllerDispatcher.php(162): Illuminate\Routing\Controller->callAction('run', Array)
#26 /home/salinabyabc/public_html/vendor/laravel/framework/src/Illuminate/Routing/ControllerDispatcher.php(107): Illuminate\Routing\ControllerDispatcher->call(Object(Cms\Classes\CmsController), Object(Illuminate\Routing\Route), 'run')
#27 [internal function]: Illuminate\Routing\ControllerDispatcher->Illuminate\Routing\{closure}(Object(Illuminate\Http\Request))
#28 /home/salinabyabc/public_html/vendor/laravel/framework/src/Illuminate/Pipeline/Pipeline.php(141): call_user_func(Object(Closure), Object(Illuminate\Http\Request))
#29 [internal function]: Illuminate\Pipeline\Pipeline->Illuminate\Pipeline\{closure}(Object(Illuminate\Http\Request))
#30 /home/salinabyabc/public_html/vendor/laravel/framework/src/Illuminate/Pipeline/Pipeline.php(101): call_user_func(Object(Closure), Object(Illuminate\Http\Request))
#31 /home/salinabyabc/public_html/vendor/laravel/framework/src/Illuminate/Routing/ControllerDispatcher.php(108): Illuminate\Pipeline\Pipeline->then(Object(Closure))
#32 /home/salinabyabc/public_html/vendor/laravel/framework/src/Illuminate/Routing/ControllerDispatcher.php(67): Illuminate\Routing\ControllerDispatcher->callWithinStack(Object(Cms\Classes\CmsController), Object(Illuminate\Routing\Route), Object(Illuminate\Http\Request), 'run')
#33 /home/salinabyabc/public_html/vendor/laravel/framework/src/Illuminate/Routing/Route.php(204): Illuminate\Routing\ControllerDispatcher->dispatch(Object(Illuminate\Routing\Route), Object(Illuminate\Http\Request), 'Cms\\Classes\\Cms...', 'run')
#34 /home/salinabyabc/public_html/vendor/laravel/framework/src/Illuminate/Routing/Route.php(134): Illuminate\Routing\Route->runWithCustomDispatcher(Object(Illuminate\Http\Request))
#35 /home/salinabyabc/public_html/vendor/laravel/framework/src/Illuminate/Routing/Router.php(701): Illuminate\Routing\Route->run(Object(Illuminate\Http\Request))
#36 [internal function]: Illuminate\Routing\Router->Illuminate\Routing\{closure}(Object(Illuminate\Http\Request))
#37 /home/salinabyabc/public_html/vendor/laravel/framework/src/Illuminate/Pipeline/Pipeline.php(141): call_user_func(Object(Closure), Object(Illuminate\Http\Request))
#38 [internal function]: Illuminate\Pipeline\Pipeline->Illuminate\Pipeline\{closure}(Object(Illuminate\Http\Request))
#39 /home/salinabyabc/public_html/vendor/laravel/framework/src/Illuminate/Pipeline/Pipeline.php(101): call_user_func(Object(Closure), Object(Illuminate\Http\Request))
#40 /home/salinabyabc/public_html/vendor/laravel/framework/src/Illuminate/Routing/Router.php(703): Illuminate\Pipeline\Pipeline->then(Object(Closure))
#41 /home/salinabyabc/public_html/vendor/laravel/framework/src/Illuminate/Routing/Router.php(670): Illuminate\Routing\Router->runRouteWithinStack(Object(Illuminate\Routing\Route), Object(Illuminate\Http\Request))
#42 /home/salinabyabc/public_html/vendor/laravel/framework/src/Illuminate/Routing/Router.php(628): Illuminate\Routing\Router->dispatchToRoute(Object(Illuminate\Http\Request))
#43 /home/salinabyabc/public_html/vendor/laravel/framework/src/Illuminate/Foundation/Http/Kernel.php(214): Illuminate\Routing\Router->dispatch(Object(Illuminate\Http\Request))
#44 [internal function]: Illuminate\Foundation\Http\Kernel->Illuminate\Foundation\Http\{closure}(Object(Illuminate\Http\Request))
#45 /home/salinabyabc/public_html/vendor/laravel/framework/src/Illuminate/Pipeline/Pipeline.php(141): call_user_func(Object(Closure), Object(Illuminate\Http\Request))
#46 /home/salinabyabc/public_html/vendor/laravel/framework/src/Illuminate/View/Middleware/ShareErrorsFromSession.php(55): Illuminate\Pipeline\Pipeline->Illuminate\Pipeline\{closure}(Object(Illuminate\Http\Request))
#47 /home/salinabyabc/public_html/vendor/laravel/framework/src/Illuminate/Pipeline/Pipeline.php(125): Illuminate\View\Middleware\ShareErrorsFromSession->handle(Object(Illuminate\Http\Request), Object(Closure))
#48 /home/salinabyabc/public_html/vendor/laravel/framework/src/Illuminate/Session/Middleware/StartSession.php(61): Illuminate\Pipeline\Pipeline->Illuminate\Pipeline\{closure}(Object(Illuminate\Http\Request))
#49 /home/salinabyabc/public_html/vendor/laravel/framework/src/Illuminate/Pipeline/Pipeline.php(125): Illuminate\Session\Middleware\StartSession->handle(Object(Illuminate\Http\Request), Object(Closure))
#50 /home/salinabyabc/public_html/vendor/laravel/framework/src/Illuminate/Cookie/Middleware/AddQueuedCookiesToResponse.php(36): Illuminate\Pipeline\Pipeline->Illuminate\Pipeline\{closure}(Object(Illuminate\Http\Request))
#51 /home/salinabyabc/public_html/vendor/laravel/framework/src/Illuminate/Pipeline/Pipeline.php(125): Illuminate\Cookie\Middleware\AddQueuedCookiesToResponse->handle(Object(Illuminate\Http\Request), Object(Closure))
#52 /home/salinabyabc/public_html/vendor/laravel/framework/src/Illuminate/Cookie/Middleware/EncryptCookies.php(40): Illuminate\Pipeline\Pipeline->Illuminate\Pipeline\{closure}(Object(Illuminate\Http\Request))
#53 /home/salinabyabc/public_html/vendor/laravel/framework/src/Illuminate/Pipeline/Pipeline.php(125): Illuminate\Cookie\Middleware\EncryptCookies->handle(Object(Illuminate\Http\Request), Object(Closure))
#54 /home/salinabyabc/public_html/vendor/laravel/framework/src/Illuminate/Foundation/Http/Middleware/CheckForMaintenanceMode.php(42): Illuminate\Pipeline\Pipeline->Illuminate\Pipeline\{closure}(Object(Illuminate\Http\Request))
#55 /home/salinabyabc/public_html/vendor/laravel/framework/src/Illuminate/Pipeline/Pipeline.php(125): Illuminate\Foundation\Http\Middleware\CheckForMaintenanceMode->handle(Object(Illuminate\Http\Request), Object(Closure))
#56 [internal function]: Illuminate\Pipeline\Pipeline->Illuminate\Pipeline\{closure}(Object(Illuminate\Http\Request))
#57 /home/salinabyabc/public_html/vendor/laravel/framework/src/Illuminate/Pipeline/Pipeline.php(101): call_user_func(Object(Closure), Object(Illuminate\Http\Request))
#58 /home/salinabyabc/public_html/vendor/laravel/framework/src/Illuminate/Foundation/Http/Kernel.php(115): Illuminate\Pipeline\Pipeline->then(Object(Closure))
#59 /home/salinabyabc/public_html/vendor/laravel/framework/src/Illuminate/Foundation/Http/Kernel.php(84): Illuminate\Foundation\Http\Kernel->sendRequestThroughRouter(Object(Illuminate\Http\Request))
#60 /home/salinabyabc/public_html/index.php(44): Illuminate\Foundation\Http\Kernel->handle(Object(Illuminate\Http\Request))
#61 {main}  
