.====================================================================.
                                                                      
 .d8888b.   .o8888b.   db  .d8888b.  d8888b. d88888b d8888b.  .d888b. 
.8P    Y8. d8P    Y8   88 .8P    Y8. 88  `8D 88'     88  `8D .8P , Y8.
88      88 8P      oooo88 88      88 88oooY' 88oooo  88oobY' 88  |  88
88      88 8b      ~~~~88 88      88 88~~~b. 88~~~~  88`8b   88  |/ 88
`8b    d8' Y8b    d8   88 `8b    d8' 88   8D 88.     88 `88. `8b | d8'
 `Y8888P'   `Y8888P'   YP  `Y8888P'  Y8888P' Y88888P 88   YD  `Y888P' 
                                                                      
`========================== INSTALLATION LOG ========================'

[2016/02/25 04:31:25] Host: Linux acvaticbebeclub.acvaticbebeclub.ro 2.6.32-573.7.1.el6.x86_64 #1 SMP Tue Sep 22 22:00:00 UTC 2015 x86_64
[2016/02/25 04:31:25] PHP version: 5.6.18
[2016/02/25 04:31:25] Server software: Apache
[2016/02/25 04:31:25] Operating system: Linux
[2016/02/25 04:31:25] Memory limit: -1
[2016/02/25 04:31:25] Max execution time: 3600
.============================ POST REQUEST ==========================.
[2016/02/25 04:31:30] Postback payload: Array
(
    [step] => getMetaData
    [plugins] => Array
        (
            [0] => Array
                (
                    [name] => Flexi Contact
                    [description] => A Flexible and Configurable Contact Form to Add to any Page
                    [code] => LaminSanneh.FlexiContact
                    [updated_at] => 2014-05-22 11:21:04
                    [image] => http://octobercms.com/storage/app/uploads/public/537/dce/e4e/thumb_136_64x64_0_0_auto.png
                    [author] => October
                    [hash] => bef0e6036aed04a0d52b73b993dde480
                )

            [1] => Array
                (
                    [name] => MenuManager
                    [description] => A plugin to enable management of menus within October CMS
                    [code] => BenFreke.MenuManager
                    [updated_at] => 2014-05-26 22:09:39
                    [image] => http://octobercms.com/storage/app/uploads/public/538/0a5/e16/thumb_202_64x64_0_0_auto.png
                    [author] => October
                    [hash] => c502b6f0fb11164316ae8ab6e98a5f91
                )

        )

    [themes] => Array
        (
            [0] => Array
                (
                    [name] => Corlate
                    [description] => Bootstrap powered corporate HTML theme, converted for OctoberCMS
                    [code] => jtherczeg.Corlate
                    [updated_at] => 2014-12-29 17:44:16
                    [image] => http://octobercms.com/storage/app/uploads/public/54a/05b/e4a/thumb_1088_210x140_0_0_auto.jpg
                    [author] => October
                    [hash] => 155611aeda2d52c9a3beb962a472c7d8
                )

        )

    [project_id] => *******
    [handler] => onInstallStep
)

[2016/02/25 04:31:30] Install step: getMetaData
[2016/02/25 04:31:30] Server request: core/install
[2016/02/25 04:31:30] Request information: Array
(
    [url] => http://octobercms.com/api/core/install
    [content_type] => application/json
    [http_code] => 200
    [header_size] => 582
    [request_size] => 356
    [filetime] => -1
    [ssl_verify_result] => 0
    [redirect_count] => 0
    [total_time] => 0.52966
    [namelookup_time] => 5.2E-5
    [connect_time] => 0.171288
    [pretransfer_time] => 0.171413
    [size_upload] => 216
    [size_download] => 307
    [speed_download] => 579
    [speed_upload] => 407
    [download_content_length] => 307
    [upload_content_length] => 216
    [starttransfer_time] => 0.52959
    [redirect_time] => 0
    [redirect_url] => 
    [primary_ip] => 50.116.3.170
    [certinfo] => Array
        (
        )

    [primary_port] => 80
    [local_ip] => 89.38.251.53
    [local_port] => 40255
)

[2016/02/25 04:31:30] Step getMetaData +OK
[2016/02/25 04:31:30] Execute handler (onInstallStep): Array
(
    [result] => Array
        (
            [core] => Array
                (
                    [hash] => 8965534ccc792c7c1c81ec080ef6df50
                    [build] => 316
                    [uhash] => 601f612b7884ae69f22a681fcf5070f7
                )

            [plugins] => Array
                (
                    [LaminSanneh.FlexiContact] => bef0e6036aed04a0d52b73b993dde480
                    [BenFreke.MenuManager] => c502b6f0fb11164316ae8ab6e98a5f91
                )

            [themes] => Array
                (
                    [jtherczeg.Corlate] => 155611aeda2d52c9a3beb962a472c7d8
                )

        )

)

.============================ POST REQUEST ==========================.
[2016/02/25 04:31:31] Postback payload: Array
(
    [step] => downloadCore
    [meta] => Array
        (
            [core] => Array
                (
                    [hash] => 8965534ccc792c7c1c81ec080ef6df50
                    [build] => 316
                    [uhash] => 601f612b7884ae69f22a681fcf5070f7
                )

            [plugins] => Array
                (
                    [LaminSanneh.FlexiContact] => bef0e6036aed04a0d52b73b993dde480
                    [BenFreke.MenuManager] => c502b6f0fb11164316ae8ab6e98a5f91
                )

            [themes] => Array
                (
                    [jtherczeg.Corlate] => 155611aeda2d52c9a3beb962a472c7d8
                )

        )

    [handler] => onInstallStep
)

[2016/02/25 04:31:31] Install step: downloadCore
[2016/02/25 04:31:35] Saving to file (core): /home/salinabyabc/public_html/install_files/temp/a74ad8dfacd4f985eb3977517615ce25.arc
[2016/02/25 04:31:35] Step downloadCore +OK
[2016/02/25 04:31:35] Execute handler (onInstallStep): Array
(
    [result] => 
)

.============================ POST REQUEST ==========================.
[2016/02/25 04:31:35] Postback payload: Array
(
    [step] => downloadPlugin
    [meta] => Array
        (
            [core] => Array
                (
                    [hash] => 8965534ccc792c7c1c81ec080ef6df50
                    [build] => 316
                    [uhash] => 601f612b7884ae69f22a681fcf5070f7
                )

            [plugins] => Array
                (
                    [LaminSanneh.FlexiContact] => bef0e6036aed04a0d52b73b993dde480
                    [BenFreke.MenuManager] => c502b6f0fb11164316ae8ab6e98a5f91
                )

            [themes] => Array
                (
                    [jtherczeg.Corlate] => 155611aeda2d52c9a3beb962a472c7d8
                )

        )

    [name] => LaminSanneh.FlexiContact
    [project_id] => *******
    [handler] => onInstallStep
)

[2016/02/25 04:31:35] Install step: downloadPlugin
[2016/02/25 04:31:36] Saving to file (LaminSanneh.FlexiContact-plugin): /home/salinabyabc/public_html/install_files/temp/4c9b0f2b95b6c1aac2a55578ad4be66b.arc
[2016/02/25 04:31:36] Step downloadPlugin +OK
[2016/02/25 04:31:36] Execute handler (onInstallStep): Array
(
    [result] => 
)

.============================ POST REQUEST ==========================.
[2016/02/25 04:31:36] Postback payload: Array
(
    [step] => downloadPlugin
    [meta] => Array
        (
            [core] => Array
                (
                    [hash] => 8965534ccc792c7c1c81ec080ef6df50
                    [build] => 316
                    [uhash] => 601f612b7884ae69f22a681fcf5070f7
                )

            [plugins] => Array
                (
                    [LaminSanneh.FlexiContact] => bef0e6036aed04a0d52b73b993dde480
                    [BenFreke.MenuManager] => c502b6f0fb11164316ae8ab6e98a5f91
                )

            [themes] => Array
                (
                    [jtherczeg.Corlate] => 155611aeda2d52c9a3beb962a472c7d8
                )

        )

    [name] => BenFreke.MenuManager
    [project_id] => *******
    [handler] => onInstallStep
)

[2016/02/25 04:31:36] Install step: downloadPlugin
[2016/02/25 04:31:36] Saving to file (BenFreke.MenuManager-plugin): /home/salinabyabc/public_html/install_files/temp/ba36e46de66a0ff7228135f80ebf6833.arc
[2016/02/25 04:31:36] Step downloadPlugin +OK
[2016/02/25 04:31:36] Execute handler (onInstallStep): Array
(
    [result] => 
)

.============================ POST REQUEST ==========================.
[2016/02/25 04:31:37] Postback payload: Array
(
    [step] => downloadTheme
    [meta] => Array
        (
            [core] => Array
                (
                    [hash] => 8965534ccc792c7c1c81ec080ef6df50
                    [build] => 316
                    [uhash] => 601f612b7884ae69f22a681fcf5070f7
                )

            [plugins] => Array
                (
                    [LaminSanneh.FlexiContact] => bef0e6036aed04a0d52b73b993dde480
                    [BenFreke.MenuManager] => c502b6f0fb11164316ae8ab6e98a5f91
                )

            [themes] => Array
                (
                    [jtherczeg.Corlate] => 155611aeda2d52c9a3beb962a472c7d8
                )

        )

    [name] => jtherczeg.Corlate
    [project_id] => *******
    [handler] => onInstallStep
)

[2016/02/25 04:31:37] Install step: downloadTheme
[2016/02/25 04:31:40] Saving to file (jtherczeg.Corlate-theme): /home/salinabyabc/public_html/install_files/temp/d9068a665dc49ad82a5589b8790ef447.arc
[2016/02/25 04:31:40] Step downloadTheme +OK
[2016/02/25 04:31:40] Execute handler (onInstallStep): Array
(
    [result] => 
)

.============================ POST REQUEST ==========================.
[2016/02/25 04:31:41] Postback payload: Array
(
    [step] => extractCore
    [meta] => Array
        (
            [core] => Array
                (
                    [hash] => 8965534ccc792c7c1c81ec080ef6df50
                    [build] => 316
                    [uhash] => 601f612b7884ae69f22a681fcf5070f7
                )

            [plugins] => Array
                (
                    [LaminSanneh.FlexiContact] => bef0e6036aed04a0d52b73b993dde480
                    [BenFreke.MenuManager] => c502b6f0fb11164316ae8ab6e98a5f91
                )

            [themes] => Array
                (
                    [jtherczeg.Corlate] => 155611aeda2d52c9a3beb962a472c7d8
                )

        )

    [handler] => onInstallStep
)

[2016/02/25 04:31:41] Install step: extractCore
[2016/02/25 04:31:41] Extracting file (core): a74ad8dfacd4f985eb3977517615ce25.arc
[2016/02/25 04:31:44] Step extractCore +OK
[2016/02/25 04:31:44] Execute handler (onInstallStep): Array
(
    [result] => 1
)

.============================ POST REQUEST ==========================.
[2016/02/25 04:31:44] Postback payload: Array
(
    [step] => extractPlugin
    [meta] => Array
        (
            [core] => Array
                (
                    [hash] => 8965534ccc792c7c1c81ec080ef6df50
                    [build] => 316
                    [uhash] => 601f612b7884ae69f22a681fcf5070f7
                )

            [plugins] => Array
                (
                    [LaminSanneh.FlexiContact] => bef0e6036aed04a0d52b73b993dde480
                    [BenFreke.MenuManager] => c502b6f0fb11164316ae8ab6e98a5f91
                )

            [themes] => Array
                (
                    [jtherczeg.Corlate] => 155611aeda2d52c9a3beb962a472c7d8
                )

        )

    [name] => LaminSanneh.FlexiContact
    [project_id] => *******
    [handler] => onInstallStep
)

[2016/02/25 04:31:44] Install step: extractPlugin
[2016/02/25 04:31:44] Extracting file (LaminSanneh.FlexiContact-plugin): 4c9b0f2b95b6c1aac2a55578ad4be66b.arc
[2016/02/25 04:31:44] Step extractPlugin +OK
[2016/02/25 04:31:44] Execute handler (onInstallStep): Array
(
    [result] => 1
)

.============================ POST REQUEST ==========================.
[2016/02/25 04:31:44] Postback payload: Array
(
    [step] => extractPlugin
    [meta] => Array
        (
            [core] => Array
                (
                    [hash] => 8965534ccc792c7c1c81ec080ef6df50
                    [build] => 316
                    [uhash] => 601f612b7884ae69f22a681fcf5070f7
                )

            [plugins] => Array
                (
                    [LaminSanneh.FlexiContact] => bef0e6036aed04a0d52b73b993dde480
                    [BenFreke.MenuManager] => c502b6f0fb11164316ae8ab6e98a5f91
                )

            [themes] => Array
                (
                    [jtherczeg.Corlate] => 155611aeda2d52c9a3beb962a472c7d8
                )

        )

    [name] => BenFreke.MenuManager
    [project_id] => *******
    [handler] => onInstallStep
)

[2016/02/25 04:31:44] Install step: extractPlugin
[2016/02/25 04:31:44] Extracting file (BenFreke.MenuManager-plugin): ba36e46de66a0ff7228135f80ebf6833.arc
[2016/02/25 04:31:44] Step extractPlugin +OK
[2016/02/25 04:31:44] Execute handler (onInstallStep): Array
(
    [result] => 1
)

.============================ POST REQUEST ==========================.
[2016/02/25 04:31:45] Postback payload: Array
(
    [step] => extractTheme
    [meta] => Array
        (
            [core] => Array
                (
                    [hash] => 8965534ccc792c7c1c81ec080ef6df50
                    [build] => 316
                    [uhash] => 601f612b7884ae69f22a681fcf5070f7
                )

            [plugins] => Array
                (
                    [LaminSanneh.FlexiContact] => bef0e6036aed04a0d52b73b993dde480
                    [BenFreke.MenuManager] => c502b6f0fb11164316ae8ab6e98a5f91
                )

            [themes] => Array
                (
                    [jtherczeg.Corlate] => 155611aeda2d52c9a3beb962a472c7d8
                )

        )

    [name] => jtherczeg.Corlate
    [project_id] => *******
    [handler] => onInstallStep
)

[2016/02/25 04:31:45] Install step: extractTheme
[2016/02/25 04:31:45] Extracting file (jtherczeg.Corlate-theme): d9068a665dc49ad82a5589b8790ef447.arc
[2016/02/25 04:31:45] Step extractTheme +OK
[2016/02/25 04:31:45] Execute handler (onInstallStep): Array
(
    [result] => 1
)

.============================ POST REQUEST ==========================.
[2016/02/25 04:31:45] Postback payload: Array
(
    [step] => setupConfig
    [meta] => Array
        (
            [core] => Array
                (
                    [hash] => 8965534ccc792c7c1c81ec080ef6df50
                    [build] => 316
                    [uhash] => 601f612b7884ae69f22a681fcf5070f7
                )

            [plugins] => Array
                (
                    [LaminSanneh.FlexiContact] => bef0e6036aed04a0d52b73b993dde480
                    [BenFreke.MenuManager] => c502b6f0fb11164316ae8ab6e98a5f91
                )

            [themes] => Array
                (
                    [jtherczeg.Corlate] => 155611aeda2d52c9a3beb962a472c7d8
                )

        )

    [db_type] => mysql
    [db_host] => localhost
    [db_name] => salinaby_main
    [db_user] => salinaby_main
    [db_pass] => *******
    [admin_first_name] => Admin
    [admin_last_name] => Person
    [admin_email] => *******@*****.com
    [admin_login] => admin
    [admin_password] => *******
    [admin_confirm_password] => *******
    [backend_uri] => /backend
    [encryption_code] => *******
    [file_mask] => 777
    [folder_mask] => 777
    [handler] => onInstallStep
)

[2016/02/25 04:31:45] Install step: setupConfig
[2016/02/25 04:31:45] Step setupConfig +OK
[2016/02/25 04:31:45] Execute handler (onInstallStep): Array
(
    [result] => 
)

.============================ POST REQUEST ==========================.
[2016/02/25 04:31:46] Postback payload: Array
(
    [step] => createAdmin
    [meta] => Array
        (
            [core] => Array
                (
                    [hash] => 8965534ccc792c7c1c81ec080ef6df50
                    [build] => 316
                    [uhash] => 601f612b7884ae69f22a681fcf5070f7
                )

            [plugins] => Array
                (
                    [LaminSanneh.FlexiContact] => bef0e6036aed04a0d52b73b993dde480
                    [BenFreke.MenuManager] => c502b6f0fb11164316ae8ab6e98a5f91
                )

            [themes] => Array
                (
                    [jtherczeg.Corlate] => 155611aeda2d52c9a3beb962a472c7d8
                )

        )

    [db_type] => mysql
    [db_host] => localhost
    [db_name] => salinaby_main
    [db_user] => salinaby_main
    [db_pass] => *******
    [admin_first_name] => Admin
    [admin_last_name] => Person
    [admin_email] => *******@*****.com
    [admin_login] => admin
    [admin_password] => *******
    [admin_confirm_password] => *******
    [backend_uri] => /backend
    [encryption_code] => *******
    [file_mask] => 777
    [folder_mask] => 777
    [handler] => onInstallStep
)

[2016/02/25 04:31:46] Install step: createAdmin
[2016/02/25 04:31:47] Step createAdmin +OK
[2016/02/25 04:31:47] Execute handler (onInstallStep): Array
(
    [result] => 
)

.============================ POST REQUEST ==========================.
[2016/02/25 04:31:47] Postback payload: Array
(
    [disableLog] => 1
)

[2016/02/25 04:31:47] Install step: setupProject
[2016/02/25 04:31:48] Step setupProject +OK
[2016/02/25 04:31:48] Execute handler (onInstallStep): Array
(
    [result] => 
)

.============================ POST REQUEST ==========================.
[2016/02/25 04:31:48] Postback payload: Array
(
    [step] => finishInstall
    [meta] => Array
        (
            [core] => Array
                (
                    [hash] => 8965534ccc792c7c1c81ec080ef6df50
                    [build] => 316
                    [uhash] => 601f612b7884ae69f22a681fcf5070f7
                )

            [plugins] => Array
                (
                    [LaminSanneh.FlexiContact] => bef0e6036aed04a0d52b73b993dde480
                    [BenFreke.MenuManager] => c502b6f0fb11164316ae8ab6e98a5f91
                )

            [themes] => Array
                (
                    [jtherczeg.Corlate] => 155611aeda2d52c9a3beb962a472c7d8
                )

        )

    [hash] => 8965534ccc792c7c1c81ec080ef6df50
    [build] => 316
    [uhash] => 601f612b7884ae69f22a681fcf5070f7
    [handler] => onInstallStep
)

[2016/02/25 04:31:48] Install step: finishInstall
[2016/02/25 04:31:48] Cleaning up file: 4c9b0f2b95b6c1aac2a55578ad4be66b.arc
[2016/02/25 04:31:48] Cleaning up file: a74ad8dfacd4f985eb3977517615ce25.arc
[2016/02/25 04:31:48] Cleaning up file: d9068a665dc49ad82a5589b8790ef447.arc
[2016/02/25 04:31:48] Cleaning up file: ba36e46de66a0ff7228135f80ebf6833.arc
[2016/02/25 04:31:48] Step finishInstall +OK
[2016/02/25 04:31:48] Execute handler (onInstallStep): Array
(
    [result] => 
)

